  main.cpp
C:\2024-cpp-project\Bibim\Bibim\main.cpp(146,56): warning C4244: '인수': 'T'에서 'T'(으)로 변환하면서 데이터가 손실될 수 있습니다.
C:\2024-cpp-project\Bibim\Bibim\main.cpp(146,56): warning C4244:         with
C:\2024-cpp-project\Bibim\Bibim\main.cpp(146,56): warning C4244:         [
C:\2024-cpp-project\Bibim\Bibim\main.cpp(146,56): warning C4244:             T=int
C:\2024-cpp-project\Bibim\Bibim\main.cpp(146,56): warning C4244:         ]
C:\2024-cpp-project\Bibim\Bibim\main.cpp(146,56): warning C4244:         and
C:\2024-cpp-project\Bibim\Bibim\main.cpp(146,56): warning C4244:         [
C:\2024-cpp-project\Bibim\Bibim\main.cpp(146,56): warning C4244:             T=float
C:\2024-cpp-project\Bibim\Bibim\main.cpp(146,56): warning C4244:         ]
C:\2024-cpp-project\Bibim\Bibim\main.cpp(146,44): warning C4244: '인수': 'T'에서 'T'(으)로 변환하면서 데이터가 손실될 수 있습니다.
C:\2024-cpp-project\Bibim\Bibim\main.cpp(146,44): warning C4244:         with
C:\2024-cpp-project\Bibim\Bibim\main.cpp(146,44): warning C4244:         [
C:\2024-cpp-project\Bibim\Bibim\main.cpp(146,44): warning C4244:             T=int
C:\2024-cpp-project\Bibim\Bibim\main.cpp(146,44): warning C4244:         ]
C:\2024-cpp-project\Bibim\Bibim\main.cpp(146,44): warning C4244:         and
C:\2024-cpp-project\Bibim\Bibim\main.cpp(146,44): warning C4244:         [
C:\2024-cpp-project\Bibim\Bibim\main.cpp(146,44): warning C4244:             T=float
C:\2024-cpp-project\Bibim\Bibim\main.cpp(146,44): warning C4244:         ]
C:\Program Files\Microsoft Visual Studio\2022\Community\VC\Tools\MSVC\14.38.33130\include\utility(250,16): warning C4244: '초기화 중': '_Ty'에서 '_Ty1'(으)로 변환하면서 데이터가 손실될 수 있습니다.
C:\Program Files\Microsoft Visual Studio\2022\Community\VC\Tools\MSVC\14.38.33130\include\utility(250,16): warning C4244:         with
C:\Program Files\Microsoft Visual Studio\2022\Community\VC\Tools\MSVC\14.38.33130\include\utility(250,16): warning C4244:         [
C:\Program Files\Microsoft Visual Studio\2022\Community\VC\Tools\MSVC\14.38.33130\include\utility(250,16): warning C4244:             _Ty=int
C:\Program Files\Microsoft Visual Studio\2022\Community\VC\Tools\MSVC\14.38.33130\include\utility(250,16): warning C4244:         ]
C:\Program Files\Microsoft Visual Studio\2022\Community\VC\Tools\MSVC\14.38.33130\include\utility(250,16): warning C4244:         and
C:\Program Files\Microsoft Visual Studio\2022\Community\VC\Tools\MSVC\14.38.33130\include\utility(250,16): warning C4244:         [
C:\Program Files\Microsoft Visual Studio\2022\Community\VC\Tools\MSVC\14.38.33130\include\utility(250,16): warning C4244:             _Ty1=float
C:\Program Files\Microsoft Visual Studio\2022\Community\VC\Tools\MSVC\14.38.33130\include\utility(250,16): warning C4244:         ]
  (소스 파일 'main.cpp'을(를) 컴파일하는 중)
  C:\Program Files\Microsoft Visual Studio\2022\Community\VC\Tools\MSVC\14.38.33130\include\utility(250,16):
  템플릿 인스턴스화 컨텍스트(가장 오래된 인스턴스화 컨텍스트)가
  	C:\2024-cpp-project\Bibim\Bibim\main.cpp(112,9):
  	컴파일되는 함수 템플릿 인스턴스화 'std::pair<float,float>::pair<int,int,0>(_Other1 &&,_Other2 &&) noexcept'에 대한 참조를 확인하세요.
          with
          [
              _Other1=int,
              _Other2=int
          ]
  		C:\2024-cpp-project\Bibim\Bibim\main.cpp(111,44):
  		'main'에서 'std::pair<float,float>::pair'에 대한 첫 번째 참조를 확인하세요.
  
C:\Program Files\Microsoft Visual Studio\2022\Community\VC\Tools\MSVC\14.38.33130\include\utility(250,54): warning C4244: '초기화 중': '_Ty'에서 '_Ty2'(으)로 변환하면서 데이터가 손실될 수 있습니다.
C:\Program Files\Microsoft Visual Studio\2022\Community\VC\Tools\MSVC\14.38.33130\include\utility(250,54): warning C4244:         with
C:\Program Files\Microsoft Visual Studio\2022\Community\VC\Tools\MSVC\14.38.33130\include\utility(250,54): warning C4244:         [
C:\Program Files\Microsoft Visual Studio\2022\Community\VC\Tools\MSVC\14.38.33130\include\utility(250,54): warning C4244:             _Ty=int
C:\Program Files\Microsoft Visual Studio\2022\Community\VC\Tools\MSVC\14.38.33130\include\utility(250,54): warning C4244:         ]
C:\Program Files\Microsoft Visual Studio\2022\Community\VC\Tools\MSVC\14.38.33130\include\utility(250,54): warning C4244:         and
C:\Program Files\Microsoft Visual Studio\2022\Community\VC\Tools\MSVC\14.38.33130\include\utility(250,54): warning C4244:         [
C:\Program Files\Microsoft Visual Studio\2022\Community\VC\Tools\MSVC\14.38.33130\include\utility(250,54): warning C4244:             _Ty2=float
C:\Program Files\Microsoft Visual Studio\2022\Community\VC\Tools\MSVC\14.38.33130\include\utility(250,54): warning C4244:         ]
  (소스 파일 'main.cpp'을(를) 컴파일하는 중)
  
  Bibim.vcxproj -> C:\2024-cpp-project\Bibim\x64\Debug\Bibim.exe
  'pwsh.exe'은(는) 내부 또는 외부 명령, 실행할 수 있는 프로그램, 또는
  배치 파일이 아닙니다.
